
> project-ark-backend@1.0.0 start
> node server.js

ðŸ”Œ Socket.IO initialized

â•”â•â•â•â•â•â•â•â•â•â•â•â•â•â•â•â•â•â•â•â•â•â•â•â•â•â•â•â•â•â•â•â•â•â•â•â•â•â•â•â•â•â•â•â•â•â•â•â•â•â•â•â•â•â•â•â•â•—
â•‘        Project Ark Platform API                        â•‘
â•‘   Environment: development                             â•‘
â•‘   Server running on port 5001                        â•‘
â•‘   API: http://localhost:5001                        â•‘
â•‘   WebSocket: ws://localhost:5001                    â•‘
â•šâ•â•â•â•â•â•â•â•â•â•â•â•â•â•â•â•â•â•â•â•â•â•â•â•â•â•â•â•â•â•â•â•â•â•â•â•â•â•â•â•â•â•â•â•â•â•â•â•â•â•â•â•â•â•â•â•â•
    
âœ… MongoDB Connected: localhost
ðŸ“ Database: cmax
[0mGET /api/projects/6903037e7e05a3402ece2337 [36m304[0m 36.645 ms - -[0m
[0mGET /api/projects/6903037e7e05a3402ece2337 [36m304[0m 4.802 ms - -[0m
[0mGET /api/projects/technical-engineers/list [32m200[0m 8.151 ms - 159[0m
âœ… æŠ€æœ¯å·¥ç¨‹å¸ˆæŒ‡æ´¾æˆåŠŸ: å¼ æŠ€æœ¯ -> é¡¹ç›® PRJ-2025-0005
[0mPOST /api/projects/6903037e7e05a3402ece2337/assign-technical [32m200[0m 27.294 ms - 1607[0m
âœ… æŠ€æœ¯å·¥ç¨‹å¸ˆæŒ‡æ´¾æˆåŠŸ: å¼ æŠ€æœ¯ -> é¡¹ç›® PRJ-2025-0005
[0mPOST /api/projects/6903037e7e05a3402ece2337/assign-technical [32m200[0m 9.864 ms - 1988[0m
âœ… æŠ€æœ¯å·¥ç¨‹å¸ˆæŒ‡æ´¾æˆåŠŸ: å¼ æŠ€æœ¯ -> é¡¹ç›® PRJ-2025-0005
[0mPOST /api/projects/6903037e7e05a3402ece2337/assign-technical [32m200[0m 15.488 ms - 2369[0m
âœ… æŠ€æœ¯å·¥ç¨‹å¸ˆæŒ‡æ´¾æˆåŠŸ: å¼ æŠ€æœ¯ -> é¡¹ç›® PRJ-2025-0005
[0mPOST /api/projects/6903037e7e05a3402ece2337/assign-technical [32m200[0m 8.816 ms - 2750[0m
âœ… æŠ€æœ¯å·¥ç¨‹å¸ˆæŒ‡æ´¾æˆåŠŸ: å¼ æŠ€æœ¯ -> é¡¹ç›® PRJ-2025-0005
[0mPOST /api/projects/6903037e7e05a3402ece2337/assign-technical [32m200[0m 11.182 ms - 3131[0m
[0mGET /api/projects/6903037e7e05a3402ece2337 [32m200[0m 300.246 ms - 3091[0m
[0mGET /api/projects/6903037e7e05a3402ece2337 [36m304[0m 98.204 ms - -[0m
[0mGET /api/projects [32m200[0m 67.085 ms - 10279[0m
[0mGET /api/projects [36m304[0m 8.328 ms - -[0m
[0mGET /api/projects?page=1&limit=10 [32m200[0m 21.261 ms - 10279[0m
[0mGET /api/projects?page=1&limit=10 [36m304[0m 52.614 ms - -[0m
[0mGET /api/projects/6903037e7e05a3402ece2337 [36m304[0m 7.379 ms - -[0m
[0mGET /api/projects/6903037e7e05a3402ece2337 [36m304[0m 6.704 ms - -[0m
[0mGET /api/projects/6903037e7e05a3402ece2337 [36m304[0m 11.331 ms - -[0m
[0mGET /api/projects/6903037e7e05a3402ece2337 [36m304[0m 36.681 ms - -[0m
[0mGET /api/projects/6903037e7e05a3402ece2337 [36m304[0m 9.856 ms - -[0m
[0mGET /api/projects/6903037e7e05a3402ece2337 [36m304[0m 5.221 ms - -[0m
[0mGET /api/projects/6903037e7e05a3402ece2337 [36m304[0m 9.198 ms - -[0m
[0mGET /api/projects/6903037e7e05a3402ece2337 [36m304[0m 3.532 ms - -[0m
